{
  "stats": {
    "suites": 1,
    "tests": 1,
    "passes": 1,
    "pending": 0,
    "failures": 0,
    "start": "2021-03-25T15:18:18.370Z",
    "end": "2021-03-25T15:19:07.702Z",
    "duration": 49332,
    "testsRegistered": 1,
    "passPercent": 100,
    "pendingPercent": 0,
    "other": 0,
    "hasOther": false,
    "skipped": 0,
    "hasSkipped": false
  },
  "results": [
    {
      "uuid": "dc75c93a-fbe3-4b1b-a53a-b2f5824f5e68",
      "title": "",
      "fullFile": "cypress\\integration\\examples\\CreateNewOrder.js",
      "file": "cypress\\integration\\examples\\CreateNewOrder.js",
      "beforeHooks": [],
      "afterHooks": [],
      "tests": [],
      "suites": [
        {
          "uuid": "9766b229-4a82-4ad3-b901-e6adc126a869",
          "title": "the first test suite for Automation Practice framework",
          "fullFile": "",
          "file": "",
          "beforeHooks": [],
          "afterHooks": [],
          "tests": [
            {
              "title": "Check that the new order is added successfully in the orders list",
              "fullTitle": "the first test suite for Automation Practice framework Check that the new order is added successfully in the orders list",
              "timedOut": null,
              "duration": 46041,
              "state": "passed",
              "speed": "slow",
              "pass": true,
              "fail": false,
              "pending": false,
              "context": null,
              "code": "var homePage = new _HomePage[\"default\"]();\ncy.visit(Cypress.env('url'));\nhomePage.getLogin().click();\nhomePage.getEmail().type('eng.ahmed.saleh.2015@gmail.com');\nhomePage.getPassword().type('123456');\nhomePage.getSignin().click();\nhomePage.getWomanTab().invoke('show');\nhomePage.getTopTab().invoke('show');\nhomePage.getTshirt().click({\n  force: true\n});\nhomePage.getMore().click();\ncy.get('.exclusive > span').click();\ncy.get('.button-medium > span').click();\ncy.get('.cart_navigation > .button > span').click();\ncy.get('#email').type('eng.ahmed.saleh.2015@gmail.com');\ncy.get('#passwd').type('123456');\ncy.get('#SubmitLogin > span').click();\ncy.get('.cart_navigation > .button > span').click();\ncy.get('#cgv').check();\ncy.get('.cart_navigation > .button > span').click();\ncy.get('.bankwire').click();\ncy.get('#cart_navigation > .button > span').click();\nvar y;\ncy.get('.box').then(function (element) {\n  var x = element.text();\n  cy.log(x);\n  y = x.match(/(\\b[A-Z]{3}[A-Z]+|\\b[A-Z]\\b)/g);\n  cy.log(y);\n});\ncy.get('.button-exclusive').click();\ncy.get('tr td:nth-child(1)').each(function ($el, index, $list) {\n  var text1 = $el.text();\n  if (text1.includes(y)) {\n    cy.log('test passed successfully');\n    expect(y).to.exist;\n  }\n});",
              "err": {},
              "uuid": "d123bef4-7cdd-432c-a59f-25209470acf2",
              "parentUUID": "9766b229-4a82-4ad3-b901-e6adc126a869",
              "isHook": false,
              "skipped": false
            }
          ],
          "suites": [],
          "passes": [
            "d123bef4-7cdd-432c-a59f-25209470acf2"
          ],
          "failures": [],
          "pending": [],
          "skipped": [],
          "duration": 46041,
          "root": false,
          "rootEmpty": false,
          "_timeout": 2000
        }
      ],
      "passes": [],
      "failures": [],
      "pending": [],
      "skipped": [],
      "duration": 0,
      "root": true,
      "rootEmpty": true,
      "_timeout": 2000
    }
  ],
  "meta": {
    "mocha": {
      "version": "7.0.1"
    },
    "mochawesome": {
      "options": {
        "quiet": false,
        "reportFilename": "mochawesome",
        "saveHtml": true,
        "saveJson": true,
        "consoleReporter": "spec",
        "useInlineDiffs": false,
        "code": true
      },
      "version": "6.2.1"
    },
    "marge": {
      "options": null,
      "version": "5.1.0"
    }
  }
}